<?xml version="1.0" encoding="UTF-8"?>
<!-- Generated by org.testng.reporters.JUnitReportReporter -->
<testsuite skipped="0" hostname="KalpeshT-W10" name="Flavorwiki.tests.login.LoginTests" tests="2" failures="0" timestamp="22 Aug 2019 12:20:24 GMT" time="16.443" errors="0">
  <testcase name="login_Failure" time="10.618" classname="Flavorwiki.tests.login.LoginTests"/>
  <testcase name="login_Success" time="5.825" classname="Flavorwiki.tests.login.LoginTests"/>
</testsuite> <!-- Flavorwiki.tests.login.LoginTests -->
