<?xml version="1.0" encoding="UTF-8"?>
<!-- Generated by org.testng.reporters.JUnitReportReporter -->
<testsuite skipped="0" hostname="KalpeshT-W10" name="AER.FMDP_Automation.tests.login.LoginTests" tests="2" failures="0" timestamp="22 Aug 2019 12:17:04 GMT" time="15.754" errors="0">
  <testcase name="login_Failure" time="10.007" classname="AER.FMDP_Automation.tests.login.LoginTests"/>
  <testcase name="login_Success" time="5.747" classname="AER.FMDP_Automation.tests.login.LoginTests"/>
</testsuite> <!-- AER.FMDP_Automation.tests.login.LoginTests -->
