<?xml version="1.0" encoding="UTF-8"?>
<!-- Generated by org.testng.reporters.JUnitReportReporter -->
<testsuite skipped="0" hostname="User-PC" name="Flavorwiki.tests.login.LoginTests" tests="2" failures="0" timestamp="19 Sep 2019 13:13:34 GMT" time="28.679" errors="0">
  <testcase name="login_Failure" time="24.310" classname="Flavorwiki.tests.login.LoginTests"/>
  <testcase name="login_Success" time="4.369" classname="Flavorwiki.tests.login.LoginTests"/>
</testsuite> <!-- Flavorwiki.tests.login.LoginTests -->
