<?xml version="1.0" encoding="UTF-8"?>
<!-- Generated by org.testng.reporters.JUnitReportReporter -->
<testsuite skipped="0" hostname="User-PC" name="Flavorwiki.tests.login.LoginTests" tests="1" failures="0" timestamp="18 Sep 2019 05:05:02 GMT" time="11.172" errors="0">
  <testcase name="Unique_Name" time="11.172" classname="Flavorwiki.tests.login.LoginTests"/>
</testsuite> <!-- Flavorwiki.tests.login.LoginTests -->
