<?xml version="1.0" encoding="UTF-8"?>
<!-- Generated by org.testng.reporters.JUnitReportReporter -->
<testsuite skipped="0" hostname="KalpeshT-W10" name="AER.FMDP_Automation.tests.supplier.SupplierTests" tests="5" failures="0" timestamp="17 Apr 2019 11:56:06 GMT" time="77.467" errors="0">
  <testcase name="supplier_Add" time="22.268" classname="AER.FMDP_Automation.tests.supplier.SupplierTests"/>
  <testcase name="supplier_Update" time="19.887" classname="AER.FMDP_Automation.tests.supplier.SupplierTests"/>
  <testcase name="supplier_Inactive" time="8.119" classname="AER.FMDP_Automation.tests.supplier.SupplierTests"/>
  <testcase name="supplier_Copy" time="20.933" classname="AER.FMDP_Automation.tests.supplier.SupplierTests"/>
  <testcase name="supplier_Delete" time="6.260" classname="AER.FMDP_Automation.tests.supplier.SupplierTests"/>
</testsuite> <!-- AER.FMDP_Automation.tests.supplier.SupplierTests -->
