<?xml version="1.0" encoding="UTF-8"?>
<!-- Generated by org.testng.reporters.JUnitReportReporter -->
<testsuite skipped="0" hostname="User-PC" name="Flavorwiki.tests.login.LoginTests" tests="1" failures="0" timestamp="16 Sep 2019 09:25:40 GMT" time="15.365" errors="0">
  <testcase name="valid_basicinfo" time="15.365" classname="Flavorwiki.tests.login.LoginTests"/>
</testsuite> <!-- Flavorwiki.tests.login.LoginTests -->
